TN:
SF:src/App.tsx
FN:6,App
FNF:1
FNH:0
FNDA:0,App
DA:7,0
LF:1
LH:0
BRF:0
BRH:0
end_of_record
TN:
SF:src/api.ts
FN:10,fetchLessons
FN:16,fetchSegments
FN:22,fetchHighlights
FN:28,generateHighlights
FN:35,generateSummary
FN:41,downloadFlashcards
FN:51,streamAsk
FN:75,(anonymous_7)
FN:96,(anonymous_8)
FNF:9
FNH:2
FNDA:3,fetchLessons
FNDA:0,fetchSegments
FNDA:0,fetchHighlights
FNDA:0,generateHighlights
FNDA:0,generateSummary
FNDA:2,downloadFlashcards
FNDA:0,streamAsk
FNDA:0,(anonymous_7)
FNDA:0,(anonymous_8)
DA:11,3
DA:12,3
DA:13,2
DA:17,0
DA:18,0
DA:19,0
DA:23,0
DA:24,0
DA:25,0
DA:29,0
DA:30,0
DA:31,0
DA:32,0
DA:36,0
DA:37,0
DA:38,0
DA:42,2
DA:47,2
DA:48,1
DA:56,0
DA:62,0
DA:63,0
DA:65,0
DA:66,0
DA:67,0
DA:69,0
DA:70,0
DA:71,0
DA:72,0
DA:74,0
DA:75,0
DA:76,0
DA:77,0
DA:78,0
DA:82,0
DA:85,0
DA:88,0
DA:90,0
DA:92,0
DA:94,0
DA:96,0
DA:97,0
DA:99,0
DA:100,0
DA:103,0
DA:104,0
DA:106,0
DA:109,0
DA:111,0
DA:112,0
DA:117,0
LF:51
LH:6
BRDA:12,0,0,1
BRDA:12,0,1,2
BRDA:18,1,0,0
BRDA:18,1,1,0
BRDA:24,2,0,0
BRDA:24,2,1,0
BRDA:29,3,0,0
BRDA:29,3,1,0
BRDA:31,4,0,0
BRDA:31,4,1,0
BRDA:37,5,0,0
BRDA:37,5,1,0
BRDA:47,6,0,1
BRDA:47,6,1,1
BRDA:62,7,0,0
BRDA:62,7,1,0
BRDA:63,8,0,0
BRDA:63,8,1,0
BRDA:72,9,0,0
BRDA:72,9,1,0
BRDA:74,10,0,0
BRDA:74,10,1,0
BRDA:77,11,0,0
BRDA:77,11,1,0
BRDA:90,12,0,0
BRDA:90,12,1,0
BRDA:97,13,0,0
BRDA:97,13,1,0
BRDA:100,14,0,0
BRDA:100,14,1,0
BRDA:111,15,0,0
BRDA:111,15,1,0
BRDA:111,16,0,0
BRDA:111,16,1,0
BRF:34
BRH:4
end_of_record
TN:
SF:src/types.ts
FNF:0
FNH:0
LF:0
LH:0
BRF:0
BRH:0
end_of_record
TN:
SF:src/utils.ts
FN:1,formatTime
FNF:1
FNH:0
FNDA:0,formatTime
DA:2,0
DA:3,0
DA:4,0
LF:3
LH:0
BRF:0
BRH:0
end_of_record
TN:
SF:src/components/AiChat.tsx
FN:13,StreamingDots
FN:23,AiChat
FN:29,(anonymous_2)
FN:33,handleSend
FN:40,handleKeyDown
FN:92,(anonymous_5)
FN:123,(anonymous_6)
FN:143,(anonymous_7)
FN:151,(anonymous_8)
FNF:9
FNH:7
FNDA:0,StreamingDots
FNDA:55,AiChat
FNDA:10,(anonymous_2)
FNDA:3,handleSend
FNDA:44,handleKeyDown
FNDA:2,(anonymous_5)
FNDA:0,(anonymous_6)
FNDA:42,(anonymous_7)
FNDA:2,(anonymous_8)
DA:14,0
DA:24,55
DA:25,55
DA:26,55
DA:29,55
DA:30,10
DA:34,3
DA:35,3
DA:36,3
DA:37,3
DA:41,44
DA:42,1
DA:43,1
DA:47,55
DA:93,2
DA:94,2
DA:124,0
DA:143,42
DA:151,2
LF:19
LH:17
BRDA:35,0,0,0
BRDA:35,0,1,3
BRDA:35,1,0,3
BRDA:35,1,1,3
BRDA:41,2,0,1
BRDA:41,2,1,43
BRDA:41,3,0,44
BRDA:41,3,1,2
BRDA:70,4,0,55
BRDA:70,4,1,2
BRDA:84,5,0,55
BRDA:84,5,1,53
BRDA:96,6,0,2
BRDA:96,6,1,0
BRDA:117,7,0,0
BRDA:117,7,1,0
BRDA:117,7,2,0
BRDA:121,8,0,0
BRDA:121,8,1,0
BRDA:121,8,2,0
BRDA:152,9,0,55
BRDA:152,9,1,54
BRF:22
BRH:14
end_of_record
TN:
SF:src/components/CourseSidebar.tsx
FN:9,StatusIcon
FN:19,CourseSidebar
FN:21,(anonymous_2)
FN:28,(anonymous_3)
FN:29,(anonymous_4)
FN:41,(anonymous_5)
FN:51,(anonymous_6)
FN:58,(anonymous_7)
FNF:8
FNH:8
FNDA:17,StatusIcon
FNDA:6,CourseSidebar
FNDA:17,(anonymous_2)
FNDA:11,(anonymous_3)
FNDA:6,(anonymous_4)
FNDA:11,(anonymous_5)
FNDA:17,(anonymous_6)
FNDA:1,(anonymous_7)
DA:10,17
DA:11,5
DA:13,12
DA:14,6
DA:16,6
DA:21,6
DA:22,17
DA:23,17
DA:24,17
DA:28,6
DA:29,11
DA:32,6
DA:42,11
DA:52,17
DA:53,17
DA:55,17
DA:58,1
LF:17
LH:17
BRDA:10,0,0,5
BRDA:10,0,1,12
BRDA:13,1,0,6
BRDA:13,1,1,6
BRDA:22,2,0,17
BRDA:22,2,1,0
BRDA:29,3,0,6
BRDA:29,3,1,0
BRDA:29,4,0,6
BRDA:29,4,1,0
BRDA:62,5,0,5
BRDA:62,5,1,12
BRDA:73,6,0,5
BRDA:73,6,1,12
BRDA:73,7,0,6
BRDA:73,7,1,6
BRDA:76,8,0,17
BRDA:76,8,1,0
BRF:18
BRH:14
end_of_record
TN:
SF:src/components/FlashcardsTab.tsx
FN:9,FlashcardsTab
FN:15,handleDownload
FN:59,(anonymous_2)
FN:75,(anonymous_3)
FN:87,(anonymous_4)
FNF:5
FNH:4
FNDA:12,FlashcardsTab
FNDA:3,handleDownload
FNDA:1,(anonymous_2)
FNDA:0,(anonymous_3)
FNDA:3,(anonymous_4)
DA:10,12
DA:11,12
DA:12,12
DA:13,12
DA:16,3
DA:17,3
DA:18,3
DA:19,3
DA:26,2
DA:27,2
DA:28,2
DA:29,2
DA:30,3
DA:31,3
DA:32,3
DA:33,3
DA:35,1
DA:37,3
DA:41,12
DA:59,1
DA:75,0
DA:87,3
LF:22
LH:21
BRDA:20,0,0,3
BRDA:20,0,1,0
BRDA:21,1,0,3
BRDA:21,1,1,0
BRDA:22,2,0,3
BRDA:22,2,1,0
BRDA:24,3,0,3
BRDA:24,3,1,3
BRDA:29,4,0,2
BRDA:29,4,1,2
BRDA:35,5,0,1
BRDA:35,5,1,0
BRDA:80,6,0,12
BRDA:80,6,1,1
BRDA:91,7,0,3
BRDA:91,7,1,9
BRF:16
BRH:12
end_of_record
TN:
SF:src/components/HighlightsTab.tsx
FN:11,LoadingSpinner
FN:20,HighlightsTab
FN:27,(anonymous_2)
FN:33,(anonymous_3)
FN:36,(anonymous_4)
FN:44,(anonymous_5)
FN:47,handleGenerate
FN:51,(anonymous_7)
FN:55,(anonymous_8)
FN:58,(anonymous_9)
FN:88,(anonymous_10)
FN:97,(anonymous_11)
FNF:12
FNH:0
FNDA:0,LoadingSpinner
FNDA:0,HighlightsTab
FNDA:0,(anonymous_2)
FNDA:0,(anonymous_3)
FNDA:0,(anonymous_4)
FNDA:0,(anonymous_5)
FNDA:0,handleGenerate
FNDA:0,(anonymous_7)
FNDA:0,(anonymous_8)
FNDA:0,(anonymous_9)
FNDA:0,(anonymous_10)
FNDA:0,(anonymous_11)
DA:12,0
DA:21,0
DA:22,0
DA:23,0
DA:24,0
DA:25,0
DA:27,0
DA:28,0
DA:29,0
DA:30,0
DA:32,0
DA:34,0
DA:37,0
DA:38,0
DA:39,0
DA:41,0
DA:44,0
DA:48,0
DA:49,0
DA:50,0
DA:52,0
DA:53,0
DA:56,0
DA:58,0
DA:61,0
DA:62,0
DA:64,0
DA:65,0
DA:72,0
DA:73,0
DA:86,0
DA:89,0
DA:97,0
LF:33
LH:0
BRDA:15,0,0,0
BRDA:15,0,1,0
BRDA:37,1,0,0
BRDA:37,1,1,0
BRDA:38,2,0,0
BRDA:38,2,1,0
BRDA:56,3,0,0
BRDA:56,3,1,0
BRDA:61,4,0,0
BRDA:61,4,1,0
BRDA:62,5,0,0
BRDA:62,5,1,0
BRDA:64,6,0,0
BRDA:64,6,1,0
BRDA:72,7,0,0
BRDA:72,7,1,0
BRF:16
BRH:0
end_of_record
TN:
SF:src/components/SourceChip.tsx
FN:8,SourceChip
FN:11,handleClick
FNF:2
FNH:0
FNDA:0,SourceChip
FNDA:0,handleClick
DA:9,0
DA:12,0
DA:13,0
DA:17,0
DA:19,0
LF:5
LH:0
BRDA:12,0,0,0
BRDA:12,0,1,0
BRDA:25,1,0,0
BRDA:25,1,1,0
BRDA:32,2,0,0
BRDA:32,2,1,0
BRDA:32,2,2,0
BRDA:35,3,0,0
BRDA:35,3,1,0
BRDA:35,4,0,0
BRDA:35,4,1,0
BRDA:36,5,0,0
BRDA:36,5,1,0
BRF:13
BRH:0
end_of_record
TN:
SF:src/components/TopBar.tsx
FN:10,TopBar
FNF:1
FNH:1
FNDA:10,TopBar
DA:16,10
DA:18,10
LF:2
LH:2
BRDA:16,0,0,4
BRDA:16,0,1,6
BRDA:27,1,0,10
BRDA:27,1,1,0
BRDA:27,1,2,0
BRF:5
BRH:3
end_of_record
TN:
SF:src/components/TranscriptTab.tsx
FN:11,LoadingSpinner
FN:20,TranscriptTab
FN:26,(anonymous_2)
FN:33,(anonymous_3)
FN:40,(anonymous_4)
FN:49,(anonymous_5)
FN:72,(anonymous_6)
FN:75,(anonymous_7)
FNF:8
FNH:0
FNDA:0,LoadingSpinner
FNDA:0,TranscriptTab
FNDA:0,(anonymous_2)
FNDA:0,(anonymous_3)
FNDA:0,(anonymous_4)
FNDA:0,(anonymous_5)
FNDA:0,(anonymous_6)
FNDA:0,(anonymous_7)
DA:12,0
DA:21,0
DA:22,0
DA:23,0
DA:24,0
DA:26,0
DA:27,0
DA:28,0
DA:29,0
DA:30,0
DA:32,0
DA:34,0
DA:35,0
DA:37,0
DA:41,0
DA:43,0
DA:44,0
DA:46,0
DA:49,0
DA:52,0
DA:54,0
DA:55,0
DA:62,0
DA:63,0
DA:70,0
DA:73,0
DA:75,0
LF:27
LH:0
BRDA:34,0,0,0
BRDA:34,0,1,0
BRDA:41,1,0,0
BRDA:41,1,1,0
BRDA:43,2,0,0
BRDA:43,2,1,0
BRDA:52,3,0,0
BRDA:52,3,1,0
BRDA:54,4,0,0
BRDA:54,4,1,0
BRDA:62,5,0,0
BRDA:62,5,1,0
BRF:12
BRH:0
end_of_record
TN:
SF:src/components/VideoPlayer.tsx
FN:8,extractVideoId
FN:20,VideoPlayer
FN:28,(anonymous_2)
FNF:3
FNH:0
FNDA:0,extractVideoId
FNDA:0,VideoPlayer
FNDA:0,(anonymous_2)
DA:10,0
DA:11,0
DA:14,0
DA:15,0
DA:17,0
DA:21,0
DA:23,0
DA:24,0
DA:28,0
DA:29,0
DA:30,0
DA:36,0
DA:37,0
DA:44,0
LF:14
LH:0
BRDA:11,0,0,0
BRDA:11,0,1,0
BRDA:15,1,0,0
BRDA:15,1,1,0
BRDA:24,2,0,0
BRDA:24,2,1,0
BRDA:29,3,0,0
BRDA:29,3,1,0
BRDA:29,4,0,0
BRDA:29,4,1,0
BRDA:29,4,2,0
BRDA:36,5,0,0
BRDA:36,5,1,0
BRF:13
BRH:0
end_of_record
TN:
SF:src/hooks/useAskStream.ts
FN:18,useAskStream
FN:22,send
FN:26,(anonymous_2)
FN:32,(anonymous_3)
FN:38,(anonymous_4)
FN:49,(anonymous_5)
FN:62,(anonymous_6)
FN:79,clear
FNF:8
FNH:0
FNDA:0,useAskStream
FNDA:0,send
FNDA:0,(anonymous_2)
FNDA:0,(anonymous_3)
FNDA:0,(anonymous_4)
FNDA:0,(anonymous_5)
FNDA:0,(anonymous_6)
FNDA:0,clear
DA:19,0
DA:20,0
DA:23,0
DA:26,0
DA:29,0
DA:32,0
DA:34,0
DA:35,0
DA:36,0
DA:38,0
DA:39,0
DA:40,0
DA:41,0
DA:45,0
DA:47,0
DA:49,0
DA:50,0
DA:51,0
DA:52,0
DA:56,0
DA:58,0
DA:59,0
DA:60,0
DA:62,0
DA:63,0
DA:64,0
DA:65,0
DA:69,0
DA:71,0
DA:75,0
DA:80,0
DA:83,0
LF:32
LH:0
BRDA:23,0,0,0
BRDA:23,0,1,0
BRDA:36,1,0,0
BRDA:36,1,1,0
BRDA:47,2,0,0
BRDA:47,2,1,0
BRDA:58,3,0,0
BRDA:58,3,1,0
BRDA:60,4,0,0
BRDA:60,4,1,0
BRF:10
BRH:0
end_of_record
TN:
SF:src/pages/Home.tsx
FN:7,groupBy
FN:8,(anonymous_1)
FN:15,firstLessonId
FN:16,(anonymous_3)
FN:20,LoadingSpinner
FN:29,CourseCard
FN:30,(anonymous_6)
FN:32,(anonymous_7)
FN:56,Home
FN:62,(anonymous_9)
FN:65,(anonymous_10)
FN:66,(anonymous_11)
FN:69,(anonymous_12)
FN:70,(anonymous_13)
FN:93,(anonymous_14)
FN:93,(anonymous_15)
FN:100,(anonymous_16)
FNF:17
FNH:17
FNDA:10,groupBy
FNDA:12,(anonymous_1)
FNDA:8,firstLessonId
FNDA:4,(anonymous_3)
FNDA:5,LoadingSpinner
FNDA:8,CourseCard
FNDA:12,(anonymous_6)
FNDA:12,(anonymous_7)
FNDA:10,Home
FNDA:5,(anonymous_9)
FNDA:1,(anonymous_10)
FNDA:4,(anonymous_11)
FNDA:12,(anonymous_12)
FNDA:12,(anonymous_13)
FNDA:4,(anonymous_14)
FNDA:8,(anonymous_15)
FNDA:1,(anonymous_16)
DA:8,10
DA:9,12
DA:10,12
DA:11,12
DA:16,8
DA:17,8
DA:21,5
DA:30,12
DA:31,8
DA:32,12
DA:34,8
DA:57,10
DA:58,10
DA:59,10
DA:60,10
DA:62,10
DA:63,5
DA:65,1
DA:66,4
DA:69,12
DA:70,12
DA:72,10
DA:93,4
DA:94,8
DA:95,8
DA:100,1
LF:26
LH:26
BRDA:16,0,0,4
BRDA:16,0,1,0
BRDA:16,1,0,4
BRDA:16,1,1,0
BRDA:17,2,0,8
BRDA:17,2,1,0
BRDA:31,3,0,8
BRDA:31,3,1,0
BRDA:32,4,0,12
BRDA:32,4,1,0
BRDA:43,5,0,0
BRDA:43,5,1,8
BRDA:65,6,0,1
BRDA:65,6,1,0
BRDA:69,7,0,12
BRDA:69,7,1,0
BRDA:77,8,0,10
BRDA:77,8,1,5
BRDA:79,9,0,10
BRDA:79,9,1,1
BRDA:83,10,0,10
BRDA:83,10,1,5
BRDA:83,10,2,4
BRDA:88,11,0,4
BRDA:88,11,1,0
BRDA:91,12,0,4
BRDA:91,12,1,0
BRDA:100,13,0,1
BRDA:100,13,1,1
BRF:29
BRH:19
end_of_record
TN:
SF:src/pages/Player.tsx
FN:15,LoadingSpinner
FN:24,Player
FN:34,(anonymous_2)
FN:35,(anonymous_3)
FN:39,(anonymous_4)
FN:46,(anonymous_5)
FN:56,(anonymous_6)
FN:58,(anonymous_7)
FN:80,(anonymous_8)
FN:108,(anonymous_9)
FN:119,(anonymous_10)
FN:130,(anonymous_11)
FNF:12
FNH:0
FNDA:0,LoadingSpinner
FNDA:0,Player
FNDA:0,(anonymous_2)
FNDA:0,(anonymous_3)
FNDA:0,(anonymous_4)
FNDA:0,(anonymous_5)
FNDA:0,(anonymous_6)
FNDA:0,(anonymous_7)
FNDA:0,(anonymous_8)
FNDA:0,(anonymous_9)
FNDA:0,(anonymous_10)
FNDA:0,(anonymous_11)
DA:16,0
DA:25,0
DA:26,0
DA:27,0
DA:29,0
DA:30,0
DA:31,0
DA:32,0
DA:34,0
DA:35,0
DA:39,0
DA:40,0
DA:41,0
DA:44,0
DA:46,0
DA:48,0
DA:49,0
DA:56,0
DA:58,0
DA:60,0
DA:80,0
DA:108,0
DA:119,0
DA:130,0
LF:24
LH:0
BRDA:44,0,0,0
BRDA:44,0,1,0
BRDA:48,1,0,0
BRDA:48,1,1,0
BRDA:64,2,0,0
BRDA:64,2,1,0
BRDA:65,3,0,0
BRDA:65,3,1,0
BRDA:88,4,0,0
BRDA:88,4,1,0
BRDA:93,5,0,0
BRDA:93,5,1,0
BRDA:93,6,0,0
BRDA:93,6,1,0
BRDA:96,7,0,0
BRDA:96,7,1,0
BRDA:97,8,0,0
BRDA:97,8,1,0
BRDA:97,9,0,0
BRDA:97,9,1,0
BRDA:98,10,0,0
BRDA:98,10,1,0
BRDA:99,11,0,0
BRDA:99,11,1,0
BRDA:111,12,0,0
BRDA:111,12,1,0
BRDA:122,13,0,0
BRDA:122,13,1,0
BRDA:133,14,0,0
BRDA:133,14,1,0
BRDA:145,15,0,0
BRDA:145,15,1,0
BRDA:148,16,0,0
BRDA:148,16,1,0
BRDA:151,17,0,0
BRDA:151,17,1,0
BRDA:160,18,0,0
BRDA:160,18,1,0
BRDA:161,19,0,0
BRDA:161,19,1,0
BRF:40
BRH:0
end_of_record
TN:
SF:src/pages/Resources.tsx
FN:7,LoadingSpinner
FN:15,Resources
FN:26,(anonymous_2)
FN:28,(anonymous_3)
FN:29,(anonymous_4)
FN:36,handleGenerateSummary
FN:48,handleDownloadFlashcards
FN:105,(anonymous_7)
FN:135,(anonymous_8)
FN:153,(anonymous_9)
FN:160,(anonymous_10)
FNF:11
FNH:0
FNDA:0,LoadingSpinner
FNDA:0,Resources
FNDA:0,(anonymous_2)
FNDA:0,(anonymous_3)
FNDA:0,(anonymous_4)
FNDA:0,handleGenerateSummary
FNDA:0,handleDownloadFlashcards
FNDA:0,(anonymous_7)
FNDA:0,(anonymous_8)
FNDA:0,(anonymous_9)
FNDA:0,(anonymous_10)
DA:8,0
DA:16,0
DA:17,0
DA:19,0
DA:20,0
DA:21,0
DA:22,0
DA:23,0
DA:24,0
DA:26,0
DA:27,0
DA:29,0
DA:30,0
DA:31,0
DA:37,0
DA:38,0
DA:39,0
DA:40,0
DA:42,0
DA:44,0
DA:49,0
DA:50,0
DA:51,0
DA:58,0
DA:59,0
DA:60,0
DA:61,0
DA:62,0
DA:63,0
DA:64,0
DA:65,0
DA:67,0
DA:69,0
DA:73,0
DA:105,0
DA:135,0
DA:153,0
DA:160,0
LF:38
LH:0
BRDA:31,0,0,0
BRDA:31,0,1,0
BRDA:52,1,0,0
BRDA:52,1,1,0
BRDA:53,2,0,0
BRDA:53,2,1,0
BRDA:54,3,0,0
BRDA:54,3,1,0
BRDA:56,4,0,0
BRDA:56,4,1,0
BRDA:61,5,0,0
BRDA:61,5,1,0
BRDA:78,6,0,0
BRDA:78,6,1,0
BRDA:79,7,0,0
BRDA:79,7,1,0
BRDA:96,8,0,0
BRDA:96,8,1,0
BRDA:111,9,0,0
BRDA:111,9,1,0
BRDA:161,10,0,0
BRDA:161,10,1,0
BRDA:164,11,0,0
BRDA:164,11,1,0
BRDA:177,12,0,0
BRDA:177,12,1,0
BRF:26
BRH:0
end_of_record
